{
  "RSpec": {
    "coverage": {
      "/Users/johnrichardson/Development/code/flatiron/ruby/playlister-rails/app/controllers/songs_controller.rb": [
        1,
        1,
        null,
        null,
        null,
        1,
        0,
        null,
        null,
        null,
        null,
        1,
        null,
        null,
        null,
        1,
        0,
        null,
        null,
        null,
        1,
        null,
        null,
        null,
        null,
        1,
        0,
        null,
        0,
        0,
        0,
        0,
        null,
        0,
        0,
        null,
        null,
        null,
        null,
        null,
        null,
        1,
        0,
        0,
        0,
        0,
        null,
        0,
        0,
        null,
        null,
        null,
        null,
        null,
        null,
        1,
        0,
        0,
        0,
        0,
        null,
        null,
        null,
        1,
        null,
        1,
        0,
        null,
        null,
        null,
        1,
        0,
        null,
        null
      ],
      "/Users/johnrichardson/Development/code/flatiron/ruby/playlister-rails/app/controllers/application_controller.rb": [
        1,
        null,
        null,
        1,
        null
      ],
      "/Users/johnrichardson/Development/code/flatiron/ruby/playlister-rails/app/models/song.rb": [
        1,
        null
      ]
    },
    "timestamp": 1383681747
  }
}
